TN:
SF:C:\projects\dev\git\fordHealthCare\src\WebAppUI\src\polyfills.ts
FNF:0
FNH:0
LF:0
LH:0
BRF:0
BRH:0
end_of_record
TN:
SF:C:\projects\dev\git\fordHealthCare\src\WebAppUI\src\test.ts
FNF:0
FNH:0
DA:6,1
DA:8,1
DA:10,1
LF:3
LH:3
BRF:0
BRH:0
end_of_record
TN:
SF:C:\projects\dev\git\fordHealthCare\src\WebAppUI\src\app\app.component.ts
FN:1,(anonymous_0)
FN:7,(anonymous_1)
FN:11,(anonymous_2)
FN:12,AppComponent
FN:14,(anonymous_4)
FNF:5
FNH:3
FNDA:1,(anonymous_0)
FNDA:1,(anonymous_1)
FNDA:1,(anonymous_2)
FNDA:0,AppComponent
FNDA:0,(anonymous_4)
DA:1,1
DA:2,1
DA:3,1
DA:4,2
DA:5,1
DA:7,1
DA:8,1
DA:11,1
DA:14,1
DA:16,1
DA:24,1
LF:11
LH:11
BRDA:1,0,0,1
BRDA:1,0,1,0
BRDA:1,0,2,1
BRDA:2,1,0,1
BRDA:2,1,1,0
BRDA:2,2,0,0
BRDA:2,2,1,0
BRDA:3,3,0,0
BRDA:3,3,1,1
BRDA:3,4,0,1
BRDA:3,4,1,1
BRDA:4,5,0,2
BRDA:4,5,1,0
BRDA:4,6,0,2
BRDA:4,6,1,1
BRDA:4,7,0,2
BRDA:4,7,1,0
BRDA:4,8,0,0
BRDA:4,8,1,0
BRDA:5,9,0,1
BRDA:5,9,1,0
BRDA:5,9,2,0
BRDA:7,10,0,1
BRDA:7,10,1,0
BRDA:7,10,2,1
BRDA:8,11,0,1
BRDA:8,11,1,0
BRDA:8,12,0,1
BRDA:8,12,1,1
BRF:29
BRH:16
end_of_record
TN:
SF:C:\projects\dev\git\fordHealthCare\src\WebAppUI\src\app\constant\endpoint.ts
FNF:0
FNH:0
DA:1,1
LF:1
LH:1
BRF:0
BRH:0
end_of_record
TN:
SF:C:\projects\dev\git\fordHealthCare\src\WebAppUI\src\app\footer\footer.component.ts
FN:1,(anonymous_0)
FN:7,(anonymous_1)
FN:11,(anonymous_2)
FN:12,FooterComponent
FN:14,(anonymous_4)
FNF:5
FNH:3
FNDA:1,(anonymous_0)
FNDA:1,(anonymous_1)
FNDA:1,(anonymous_2)
FNDA:0,FooterComponent
FNDA:0,(anonymous_4)
DA:1,1
DA:2,1
DA:3,1
DA:4,2
DA:5,1
DA:7,1
DA:8,1
DA:11,1
DA:14,1
DA:16,1
DA:24,1
LF:11
LH:11
BRDA:1,0,0,1
BRDA:1,0,1,0
BRDA:1,0,2,1
BRDA:2,1,0,1
BRDA:2,1,1,0
BRDA:2,2,0,0
BRDA:2,2,1,0
BRDA:3,3,0,0
BRDA:3,3,1,1
BRDA:3,4,0,1
BRDA:3,4,1,1
BRDA:4,5,0,2
BRDA:4,5,1,0
BRDA:4,6,0,2
BRDA:4,6,1,1
BRDA:4,7,0,2
BRDA:4,7,1,0
BRDA:4,8,0,0
BRDA:4,8,1,0
BRDA:5,9,0,1
BRDA:5,9,1,0
BRDA:5,9,2,0
BRDA:7,10,0,1
BRDA:7,10,1,0
BRDA:7,10,2,1
BRDA:8,11,0,1
BRDA:8,11,1,0
BRDA:8,12,0,1
BRDA:8,12,1,1
BRF:29
BRH:16
end_of_record
TN:
SF:C:\projects\dev\git\fordHealthCare\src\WebAppUI\src\app\login\login.component.ts
FN:1,(anonymous_0)
FN:7,(anonymous_1)
FN:12,(anonymous_2)
FN:13,LoginComponent
FN:17,(anonymous_4)
FN:19,(anonymous_5)
FNF:6
FNH:3
FNDA:1,(anonymous_0)
FNDA:1,(anonymous_1)
FNDA:1,(anonymous_2)
FNDA:0,LoginComponent
FNDA:0,(anonymous_4)
FNDA:0,(anonymous_5)
DA:1,1
DA:2,1
DA:3,1
DA:4,2
DA:5,1
DA:7,1
DA:8,1
DA:12,1
DA:14,0
DA:15,0
DA:17,1
DA:19,1
DA:20,0
DA:22,1
DA:31,1
LF:15
LH:12
BRDA:1,0,0,1
BRDA:1,0,1,0
BRDA:1,0,2,1
BRDA:2,1,0,1
BRDA:2,1,1,0
BRDA:2,2,0,0
BRDA:2,2,1,0
BRDA:3,3,0,0
BRDA:3,3,1,1
BRDA:3,4,0,1
BRDA:3,4,1,1
BRDA:4,5,0,2
BRDA:4,5,1,0
BRDA:4,6,0,2
BRDA:4,6,1,1
BRDA:4,7,0,2
BRDA:4,7,1,0
BRDA:4,8,0,0
BRDA:4,8,1,0
BRDA:5,9,0,1
BRDA:5,9,1,0
BRDA:5,9,2,0
BRDA:7,10,0,1
BRDA:7,10,1,0
BRDA:7,10,2,1
BRDA:8,11,0,1
BRDA:8,11,1,0
BRDA:8,12,0,1
BRDA:8,12,1,1
BRF:29
BRH:16
end_of_record
TN:
SF:C:\projects\dev\git\fordHealthCare\src\WebAppUI\src\app\patient-profile\patient-profile.module.ts
FN:1,(anonymous_0)
FN:16,(anonymous_1)
FN:17,PatientProfileModule
FNF:3
FNH:2
FNDA:1,(anonymous_0)
FNDA:1,(anonymous_1)
FNDA:0,PatientProfileModule
DA:1,1
DA:2,1
DA:3,1
DA:4,1
DA:5,1
DA:16,1
DA:19,1
DA:41,1
LF:8
LH:8
BRDA:1,0,0,1
BRDA:1,0,1,0
BRDA:1,0,2,1
BRDA:2,1,0,1
BRDA:2,1,1,0
BRDA:2,2,0,0
BRDA:2,2,1,0
BRDA:3,3,0,0
BRDA:3,3,1,1
BRDA:3,4,0,1
BRDA:3,4,1,1
BRDA:4,5,0,1
BRDA:4,5,1,0
BRDA:4,6,0,1
BRDA:4,6,1,0
BRDA:4,7,0,1
BRDA:4,7,1,0
BRDA:4,8,0,0
BRDA:4,8,1,0
BRDA:5,9,0,1
BRDA:5,9,1,0
BRDA:5,9,2,0
BRF:22
BRH:10
end_of_record
TN:
SF:C:\projects\dev\git\fordHealthCare\src\WebAppUI\src\app\patient-profile\add-patient\add-patient.component.ts
FN:1,(anonymous_0)
FN:7,(anonymous_1)
FN:14,(anonymous_2)
FN:15,AddPatientComponent
FN:22,(anonymous_4)
FN:24,(anonymous_5)
FN:30,(anonymous_6)
FN:34,(anonymous_7)
FNF:8
FNH:3
FNDA:2,(anonymous_0)
FNDA:2,(anonymous_1)
FNDA:1,(anonymous_2)
FNDA:0,AddPatientComponent
FNDA:0,(anonymous_4)
FNDA:0,(anonymous_5)
FNDA:0,(anonymous_6)
FNDA:0,(anonymous_7)
DA:1,1
DA:2,2
DA:3,2
DA:4,4
DA:5,2
DA:7,1
DA:8,2
DA:14,1
DA:16,0
DA:17,0
DA:18,0
DA:19,0
DA:20,0
DA:22,1
DA:23,0
DA:24,0
DA:25,0
DA:26,0
DA:29,1
DA:30,0
DA:34,1
DA:36,1
DA:40,1
DA:49,1
LF:24
LH:14
BRDA:1,0,0,1
BRDA:1,0,1,0
BRDA:1,0,2,1
BRDA:2,1,0,1
BRDA:2,1,1,1
BRDA:2,2,0,0
BRDA:2,2,1,1
BRDA:3,3,0,0
BRDA:3,3,1,2
BRDA:3,4,0,2
BRDA:3,4,1,2
BRDA:4,5,0,4
BRDA:4,5,1,0
BRDA:4,6,0,4
BRDA:4,6,1,3
BRDA:4,7,0,2
BRDA:4,7,1,2
BRDA:4,8,0,2
BRDA:4,8,1,0
BRDA:5,9,0,2
BRDA:5,9,1,1
BRDA:5,9,2,0
BRDA:7,10,0,1
BRDA:7,10,1,0
BRDA:7,10,2,1
BRDA:8,11,0,2
BRDA:8,11,1,0
BRDA:8,12,0,2
BRDA:8,12,1,2
BRF:29
BRH:21
end_of_record
TN:
SF:C:\projects\dev\git\fordHealthCare\src\WebAppUI\src\app\patient-profile\form-Controls\patient-from-factory.ts
FN:2,(anonymous_0)
FN:3,PatientFromFactory
FN:5,(anonymous_2)
FNF:3
FNH:1
FNDA:1,(anonymous_0)
FNDA:0,PatientFromFactory
FNDA:0,(anonymous_2)
DA:2,1
DA:5,1
DA:6,0
DA:7,0
DA:8,0
DA:10,0
DA:11,0
DA:12,0
DA:16,1
LF:9
LH:3
BRDA:6,0,0,0
BRDA:6,0,1,0
BRDA:10,1,0,0
BRDA:10,1,1,0
BRF:4
BRH:0
end_of_record
TN:
SF:C:\projects\dev\git\fordHealthCare\src\WebAppUI\src\app\patient-profile\patient-constractor\patient-constractor.ts
FN:1,(anonymous_0)
FN:2,PatientConstractor
FNF:2
FNH:1
FNDA:1,(anonymous_0)
FNDA:0,PatientConstractor
DA:1,1
DA:3,0
DA:5,1
LF:3
LH:2
BRDA:3,0,0,0
BRDA:3,0,1,0
BRF:2
BRH:0
end_of_record
TN:
SF:C:\projects\dev\git\fordHealthCare\src\WebAppUI\src\app\patient-profile\patient-form-model\patient-form-model.ts
FN:3,(anonymous_0)
FN:4,PatientFormModel
FN:6,(anonymous_2)
FNF:3
FNH:1
FNDA:1,(anonymous_0)
FNDA:0,PatientFormModel
FNDA:0,(anonymous_2)
DA:3,1
DA:6,1
DA:7,0
DA:8,0
DA:38,1
LF:5
LH:3
BRF:0
BRH:0
end_of_record
TN:
SF:C:\projects\dev\git\fordHealthCare\src\WebAppUI\src\app\patient-profile\patient-list\patient-list.component.ts
FN:1,(anonymous_0)
FN:7,(anonymous_1)
FN:16,(anonymous_2)
FN:17,PatientListComponent
FN:22,(anonymous_4)
FN:24,(anonymous_5)
FN:28,(anonymous_6)
FN:29,(anonymous_7)
FN:38,(anonymous_8)
FN:41,(anonymous_9)
FN:44,(anonymous_10)
FN:45,(anonymous_11)
FN:50,(anonymous_12)
FNF:13
FNH:4
FNDA:1,(anonymous_0)
FNDA:1,(anonymous_1)
FNDA:1,(anonymous_2)
FNDA:1,PatientListComponent
FNDA:0,(anonymous_4)
FNDA:0,(anonymous_5)
FNDA:0,(anonymous_6)
FNDA:0,(anonymous_7)
FNDA:0,(anonymous_8)
FNDA:0,(anonymous_9)
FNDA:0,(anonymous_10)
FNDA:0,(anonymous_11)
FNDA:0,(anonymous_12)
DA:1,1
DA:2,1
DA:3,1
DA:4,2
DA:5,1
DA:7,1
DA:8,1
DA:16,1
DA:18,1
DA:19,1
DA:20,1
DA:22,1
DA:23,0
DA:24,0
DA:25,0
DA:28,1
DA:29,0
DA:30,0
DA:31,0
DA:35,0
DA:36,0
DA:38,1
DA:39,0
DA:41,1
DA:42,0
DA:43,0
DA:44,0
DA:45,0
DA:46,0
DA:50,1
DA:51,0
DA:52,0
DA:54,1
DA:64,1
LF:34
LH:18
BRDA:1,0,0,1
BRDA:1,0,1,0
BRDA:1,0,2,1
BRDA:2,1,0,1
BRDA:2,1,1,0
BRDA:2,2,0,0
BRDA:2,2,1,0
BRDA:3,3,0,0
BRDA:3,3,1,1
BRDA:3,4,0,1
BRDA:3,4,1,1
BRDA:4,5,0,2
BRDA:4,5,1,0
BRDA:4,6,0,2
BRDA:4,6,1,1
BRDA:4,7,0,2
BRDA:4,7,1,0
BRDA:4,8,0,0
BRDA:4,8,1,0
BRDA:5,9,0,1
BRDA:5,9,1,0
BRDA:5,9,2,0
BRDA:7,10,0,1
BRDA:7,10,1,0
BRDA:7,10,2,1
BRDA:8,11,0,1
BRDA:8,11,1,0
BRDA:8,12,0,1
BRDA:8,12,1,1
BRDA:30,13,0,0
BRDA:30,13,1,0
BRF:31
BRH:16
end_of_record
TN:
SF:C:\projects\dev\git\fordHealthCare\src\WebAppUI\src\app\patient-profile\patientServices\patient-add.service.ts
FN:1,(anonymous_0)
FN:7,(anonymous_1)
FN:10,(anonymous_2)
FN:11,(anonymous_3)
FN:24,(anonymous_4)
FN:25,PatientAddService
FN:29,(anonymous_6)
FN:32,(anonymous_7)
FN:33,(anonymous_8)
FN:35,(anonymous_9)
FN:38,(anonymous_10)
FN:39,(anonymous_11)
FNF:12
FNH:5
FNDA:1,(anonymous_0)
FNDA:1,(anonymous_1)
FNDA:1,(anonymous_2)
FNDA:1,(anonymous_3)
FNDA:1,(anonymous_4)
FNDA:0,PatientAddService
FNDA:0,(anonymous_6)
FNDA:0,(anonymous_7)
FNDA:0,(anonymous_8)
FNDA:0,(anonymous_9)
FNDA:0,(anonymous_10)
FNDA:0,(anonymous_11)
DA:1,1
DA:2,1
DA:3,1
DA:4,3
DA:5,1
DA:7,1
DA:8,1
DA:10,1
DA:11,1
DA:19,1
DA:24,1
DA:26,0
DA:27,0
DA:29,1
DA:30,0
DA:32,1
DA:33,0
DA:35,1
DA:36,0
DA:38,1
DA:39,0
DA:41,1
DA:48,1
LF:23
LH:17
BRDA:1,0,0,1
BRDA:1,0,1,0
BRDA:1,0,2,1
BRDA:2,1,0,1
BRDA:2,1,1,0
BRDA:2,2,0,0
BRDA:2,2,1,0
BRDA:3,3,0,0
BRDA:3,3,1,1
BRDA:3,4,0,1
BRDA:3,4,1,1
BRDA:4,5,0,3
BRDA:4,5,1,0
BRDA:4,6,0,3
BRDA:4,6,1,2
BRDA:4,7,0,3
BRDA:4,7,1,0
BRDA:4,8,0,0
BRDA:4,8,1,0
BRDA:5,9,0,1
BRDA:5,9,1,0
BRDA:5,9,2,0
BRDA:7,10,0,1
BRDA:7,10,1,0
BRDA:7,10,2,1
BRDA:8,11,0,1
BRDA:8,11,1,0
BRDA:8,12,0,1
BRDA:8,12,1,1
BRDA:10,13,0,1
BRDA:10,13,1,0
BRDA:10,13,2,1
BRF:32
BRH:18
end_of_record
TN:
SF:C:\projects\dev\git\fordHealthCare\src\WebAppUI\src\app\patient-profile\sharedServices\update-patient-shared-service.service.ts
FN:1,(anonymous_0)
FN:7,(anonymous_1)
FN:12,(anonymous_2)
FN:13,UpdatePatientSharedServiceService
FN:15,(anonymous_4)
FN:17,(anonymous_5)
FNF:6
FNH:3
FNDA:1,(anonymous_0)
FNDA:1,(anonymous_1)
FNDA:1,(anonymous_2)
FNDA:0,UpdatePatientSharedServiceService
FNDA:0,(anonymous_4)
FNDA:0,(anonymous_5)
DA:1,1
DA:2,1
DA:3,1
DA:4,2
DA:5,1
DA:7,1
DA:8,1
DA:12,1
DA:15,1
DA:16,0
DA:17,0
DA:18,0
DA:21,1
DA:27,1
LF:14
LH:11
BRDA:1,0,0,1
BRDA:1,0,1,0
BRDA:1,0,2,1
BRDA:2,1,0,1
BRDA:2,1,1,0
BRDA:2,2,0,0
BRDA:2,2,1,0
BRDA:3,3,0,0
BRDA:3,3,1,1
BRDA:3,4,0,1
BRDA:3,4,1,1
BRDA:4,5,0,2
BRDA:4,5,1,0
BRDA:4,6,0,2
BRDA:4,6,1,1
BRDA:4,7,0,2
BRDA:4,7,1,0
BRDA:4,8,0,0
BRDA:4,8,1,0
BRDA:5,9,0,1
BRDA:5,9,1,0
BRDA:5,9,2,0
BRDA:7,10,0,1
BRDA:7,10,1,0
BRDA:7,10,2,1
BRDA:8,11,0,1
BRDA:8,11,1,0
BRDA:8,12,0,1
BRDA:8,12,1,1
BRF:29
BRH:16
end_of_record
TN:
SF:C:\projects\dev\git\fordHealthCare\src\WebAppUI\src\app\patient-profile\update-patient\update-patient.component.ts
FN:1,(anonymous_0)
FN:7,(anonymous_1)
FN:15,(anonymous_2)
FN:16,UpdatePatientComponent
FN:22,(anonymous_4)
FN:24,(anonymous_5)
FN:29,(anonymous_6)
FN:32,(anonymous_7)
FN:37,(anonymous_8)
FNF:9
FNH:3
FNDA:1,(anonymous_0)
FNDA:1,(anonymous_1)
FNDA:1,(anonymous_2)
FNDA:0,UpdatePatientComponent
FNDA:0,(anonymous_4)
FNDA:0,(anonymous_5)
FNDA:0,(anonymous_6)
FNDA:0,(anonymous_7)
FNDA:0,(anonymous_8)
DA:1,1
DA:2,1
DA:3,1
DA:4,2
DA:5,1
DA:7,1
DA:8,1
DA:15,1
DA:17,0
DA:18,0
DA:19,0
DA:20,0
DA:22,1
DA:23,0
DA:24,0
DA:25,0
DA:26,0
DA:29,1
DA:30,0
DA:31,0
DA:32,0
DA:33,0
DA:34,0
DA:37,1
DA:38,0
DA:40,1
DA:50,1
LF:27
LH:13
BRDA:1,0,0,1
BRDA:1,0,1,0
BRDA:1,0,2,1
BRDA:2,1,0,1
BRDA:2,1,1,0
BRDA:2,2,0,0
BRDA:2,2,1,0
BRDA:3,3,0,0
BRDA:3,3,1,1
BRDA:3,4,0,1
BRDA:3,4,1,1
BRDA:4,5,0,2
BRDA:4,5,1,0
BRDA:4,6,0,2
BRDA:4,6,1,1
BRDA:4,7,0,2
BRDA:4,7,1,0
BRDA:4,8,0,0
BRDA:4,8,1,0
BRDA:5,9,0,1
BRDA:5,9,1,0
BRDA:5,9,2,0
BRDA:7,10,0,1
BRDA:7,10,1,0
BRDA:7,10,2,1
BRDA:8,11,0,1
BRDA:8,11,1,0
BRDA:8,12,0,1
BRDA:8,12,1,1
BRF:29
BRH:16
end_of_record
TN:
SF:C:\projects\dev\git\fordHealthCare\src\WebAppUI\src\app\patient-profile\view-patient\view-patient.component.ts
FN:1,(anonymous_0)
FN:7,(anonymous_1)
FN:13,(anonymous_2)
FN:14,ViewPatientComponent
FN:19,(anonymous_4)
FN:21,(anonymous_5)
FN:26,(anonymous_6)
FN:31,(anonymous_7)
FNF:8
FNH:3
FNDA:1,(anonymous_0)
FNDA:1,(anonymous_1)
FNDA:1,(anonymous_2)
FNDA:0,ViewPatientComponent
FNDA:0,(anonymous_4)
FNDA:0,(anonymous_5)
FNDA:0,(anonymous_6)
FNDA:0,(anonymous_7)
DA:1,1
DA:2,1
DA:3,1
DA:4,2
DA:5,1
DA:7,1
DA:8,1
DA:13,1
DA:15,0
DA:16,0
DA:17,0
DA:19,1
DA:20,0
DA:21,0
DA:22,0
DA:26,1
DA:27,0
DA:28,0
DA:31,1
DA:32,0
DA:34,1
DA:44,1
LF:22
LH:13
BRDA:1,0,0,1
BRDA:1,0,1,0
BRDA:1,0,2,1
BRDA:2,1,0,1
BRDA:2,1,1,0
BRDA:2,2,0,0
BRDA:2,2,1,0
BRDA:3,3,0,0
BRDA:3,3,1,1
BRDA:3,4,0,1
BRDA:3,4,1,1
BRDA:4,5,0,2
BRDA:4,5,1,0
BRDA:4,6,0,2
BRDA:4,6,1,1
BRDA:4,7,0,2
BRDA:4,7,1,0
BRDA:4,8,0,0
BRDA:4,8,1,0
BRDA:5,9,0,1
BRDA:5,9,1,0
BRDA:5,9,2,0
BRDA:7,10,0,1
BRDA:7,10,1,0
BRDA:7,10,2,1
BRDA:8,11,0,1
BRDA:8,11,1,0
BRDA:8,12,0,1
BRDA:8,12,1,1
BRF:29
BRH:16
end_of_record
TN:
SF:C:\projects\dev\git\fordHealthCare\src\WebAppUI\src\app\userServices\user-information.service.ts
FN:1,(anonymous_0)
FN:7,(anonymous_1)
FN:11,(anonymous_2)
FN:12,UserInformationService
FNF:4
FNH:3
FNDA:1,(anonymous_0)
FNDA:1,(anonymous_1)
FNDA:1,(anonymous_2)
FNDA:0,UserInformationService
DA:1,1
DA:2,1
DA:3,1
DA:4,2
DA:5,1
DA:7,1
DA:8,1
DA:11,1
DA:14,1
DA:20,1
LF:10
LH:10
BRDA:1,0,0,1
BRDA:1,0,1,0
BRDA:1,0,2,1
BRDA:2,1,0,1
BRDA:2,1,1,0
BRDA:2,2,0,0
BRDA:2,2,1,0
BRDA:3,3,0,0
BRDA:3,3,1,1
BRDA:3,4,0,1
BRDA:3,4,1,1
BRDA:4,5,0,2
BRDA:4,5,1,0
BRDA:4,6,0,2
BRDA:4,6,1,1
BRDA:4,7,0,2
BRDA:4,7,1,0
BRDA:4,8,0,0
BRDA:4,8,1,0
BRDA:5,9,0,1
BRDA:5,9,1,0
BRDA:5,9,2,0
BRDA:7,10,0,1
BRDA:7,10,1,0
BRDA:7,10,2,1
BRDA:8,11,0,1
BRDA:8,11,1,0
BRDA:8,12,0,1
BRDA:8,12,1,1
BRF:29
BRH:16
end_of_record
TN:
SF:C:\projects\dev\git\fordHealthCare\src\WebAppUI\src\config\config.ts
FNF:0
FNH:0
DA:2,1
LF:1
LH:1
BRF:0
BRH:0
end_of_record
